<?xml version="1.0" encoding="UTF-8"?>
<!-- Generated by org.testng.reporters.JUnitReportReporter -->
<testsuite hostname="Damindu" failures="0" tests="6" name="test_scenarios.TestMethods" time="10.987" errors="0" timestamp="2022-12-15T01:13:22 IST" skipped="0">
  <testcase classname="test_scenarios.TestMethods" name="VerifyLogin" time="5.244"/>
  <system-out/>
  <testcase classname="test_scenarios.TestMethods" name="VerifyProductPrice" time="5.195"/>
  <system-out/>
  <testcase classname="test_scenarios.TestMethods" name="VerifyAbiltyOfProductAdd" time="0.181"/>
  <system-out/>
  <testcase classname="test_scenarios.TestMethods" name="VerifySelectedItemsInCart" time="0.085"/>
  <system-out/>
  <testcase classname="test_scenarios.TestMethods" name="verifyRandomNamesandZipCode" time="0.239"/>
  <system-out/>
  <testcase classname="test_scenarios.TestMethods" name="verifyOrderCompletion" time="0.043"/>
  <system-out/>
</testsuite> <!-- test_scenarios.TestMethods -->
